-------------------------------------------------------------------------------
Test set: com.stackroute.monitoringserver.AppMonitoringApplicationTests
-------------------------------------------------------------------------------
Tests run: 1, Failures: 0, Errors: 1, Skipped: 0, Time elapsed: 3.857 s <<< FAILURE! - in com.stackroute.monitoringserver.AppMonitoringApplicationTests
contextLoads(com.stackroute.monitoringserver.AppMonitoringApplicationTests)  Time elapsed: 0.001 s  <<< ERROR!
java.lang.IllegalStateException: Failed to load ApplicationContext
Caused by: org.springframework.beans.factory.UnsatisfiedDependencyException: Error creating bean with name 'CPUUsageConsumer' defined in file [/home/ubuntu/application-monitoring/monitoring-server/target/classes/com/stackroute/monitoringserver/consumer/CPUUsageConsumer.class]: Unsatisfied dependency expressed through constructor parameter 0; nested exception is org.springframework.beans.factory.BeanCreationException: Error creating bean with name 'metricsService' defined in file [/home/ubuntu/application-monitoring/monitoring-server/target/classes/com/stackroute/monitoringserver/service/MetricsService.class]: Instantiation of bean failed; nested exception is org.springframework.beans.BeanInstantiationException: Failed to instantiate [com.stackroute.monitoringserver.service.MetricsService]: Constructor threw exception; nested exception is org.influxdb.InfluxDBIOException: java.net.UnknownHostException: influxdb
Caused by: org.springframework.beans.factory.BeanCreationException: Error creating bean with name 'metricsService' defined in file [/home/ubuntu/application-monitoring/monitoring-server/target/classes/com/stackroute/monitoringserver/service/MetricsService.class]: Instantiation of bean failed; nested exception is org.springframework.beans.BeanInstantiationException: Failed to instantiate [com.stackroute.monitoringserver.service.MetricsService]: Constructor threw exception; nested exception is org.influxdb.InfluxDBIOException: java.net.UnknownHostException: influxdb
Caused by: org.springframework.beans.BeanInstantiationException: Failed to instantiate [com.stackroute.monitoringserver.service.MetricsService]: Constructor threw exception; nested exception is org.influxdb.InfluxDBIOException: java.net.UnknownHostException: influxdb
Caused by: org.influxdb.InfluxDBIOException: java.net.UnknownHostException: influxdb
Caused by: java.net.UnknownHostException: influxdb

