<?xml version="1.0" encoding="UTF-8"?>
<testsuite xmlns:xsi="http://www.w3.org/2001/XMLSchema-instance" xsi:noNamespaceSchemaLocation="https://maven.apache.org/surefire/maven-surefire-plugin/xsd/surefire-test-report.xsd" name="com.stackroute.monitoringserver.service.MetricsServiceTest" time="1.163" tests="8" errors="8" skipped="0" failures="0">
  <properties>
[...]
</properties>
  <testcase name="insertMetricsTestFailure" classname="com.stackroute.monitoringserver.service.MetricsServiceTest" time="1.022">
    <error message="&#10;Cannot instantiate @InjectMocks field named &apos;metricsService&apos; of type &apos;class com.stackroute.monitoringserver.service.MetricsService&apos;.&#10;You haven&apos;t provided the instance at field declaration so I tried to construct the instance.&#10;However the constructor or the initialization block threw an exception : java.net.UnknownHostException: influxdb: Temporary failure in name resolution&#10;" type="org.mockito.exceptions.base.MockitoException">org.mockito.exceptions.base.MockitoException: 

Cannot instantiate @InjectMocks field named 'metricsService' of type 'class com.stackroute.monitoringserver.service.MetricsService'.
You haven't provided the instance at field declaration so I tried to construct the instance.
However the constructor or the initialization block threw an exception : java.net.UnknownHostException: influxdb: Temporary failure in name resolution

	at com.stackroute.monitoringserver.service.MetricsServiceTest.setUp(MetricsServiceTest.java:41)
Caused by: org.influxdb.InfluxDBIOException: java.net.UnknownHostException: influxdb: Temporary failure in name resolution
	at com.stackroute.monitoringserver.service.MetricsServiceTest.setUp(MetricsServiceTest.java:41)
Caused by: java.net.UnknownHostException: influxdb: Temporary failure in name resolution
	at com.stackroute.monitoringserver.service.MetricsServiceTest.setUp(MetricsServiceTest.java:41)
</error>
  </testcase>
  <testcase name="searchMetricsTestSuccess" classname="com.stackroute.monitoringserver.service.MetricsServiceTest" time="0.002">
    <error message="&#10;Cannot instantiate @InjectMocks field named &apos;metricsService&apos; of type &apos;class com.stackroute.monitoringserver.service.MetricsService&apos;.&#10;You haven&apos;t provided the instance at field declaration so I tried to construct the instance.&#10;However the constructor or the initialization block threw an exception : java.net.UnknownHostException: influxdb&#10;" type="org.mockito.exceptions.base.MockitoException">org.mockito.exceptions.base.MockitoException: 

Cannot instantiate @InjectMocks field named 'metricsService' of type 'class com.stackroute.monitoringserver.service.MetricsService'.
You haven't provided the instance at field declaration so I tried to construct the instance.
However the constructor or the initialization block threw an exception : java.net.UnknownHostException: influxdb

	at com.stackroute.monitoringserver.service.MetricsServiceTest.setUp(MetricsServiceTest.java:41)
Caused by: org.influxdb.InfluxDBIOException: java.net.UnknownHostException: influxdb
	at com.stackroute.monitoringserver.service.MetricsServiceTest.setUp(MetricsServiceTest.java:41)
Caused by: java.net.UnknownHostException: influxdb
	at com.stackroute.monitoringserver.service.MetricsServiceTest.setUp(MetricsServiceTest.java:41)
</error>
  </testcase>
  <testcase name="getAllMetricsTestSuccess" classname="com.stackroute.monitoringserver.service.MetricsServiceTest" time="0.002">
    <error message="&#10;Cannot instantiate @InjectMocks field named &apos;metricsService&apos; of type &apos;class com.stackroute.monitoringserver.service.MetricsService&apos;.&#10;You haven&apos;t provided the instance at field declaration so I tried to construct the instance.&#10;However the constructor or the initialization block threw an exception : java.net.UnknownHostException: influxdb&#10;" type="org.mockito.exceptions.base.MockitoException">org.mockito.exceptions.base.MockitoException: 

Cannot instantiate @InjectMocks field named 'metricsService' of type 'class com.stackroute.monitoringserver.service.MetricsService'.
You haven't provided the instance at field declaration so I tried to construct the instance.
However the constructor or the initialization block threw an exception : java.net.UnknownHostException: influxdb

	at com.stackroute.monitoringserver.service.MetricsServiceTest.setUp(MetricsServiceTest.java:41)
Caused by: org.influxdb.InfluxDBIOException: java.net.UnknownHostException: influxdb
	at com.stackroute.monitoringserver.service.MetricsServiceTest.setUp(MetricsServiceTest.java:41)
Caused by: java.net.UnknownHostException: influxdb
	at com.stackroute.monitoringserver.service.MetricsServiceTest.setUp(MetricsServiceTest.java:41)
</error>
  </testcase>
  <testcase name="searchMetricsTestFailure" classname="com.stackroute.monitoringserver.service.MetricsServiceTest" time="0.009">
    <error message="&#10;Cannot instantiate @InjectMocks field named &apos;metricsService&apos; of type &apos;class com.stackroute.monitoringserver.service.MetricsService&apos;.&#10;You haven&apos;t provided the instance at field declaration so I tried to construct the instance.&#10;However the constructor or the initialization block threw an exception : java.net.UnknownHostException: influxdb&#10;" type="org.mockito.exceptions.base.MockitoException">org.mockito.exceptions.base.MockitoException: 

Cannot instantiate @InjectMocks field named 'metricsService' of type 'class com.stackroute.monitoringserver.service.MetricsService'.
You haven't provided the instance at field declaration so I tried to construct the instance.
However the constructor or the initialization block threw an exception : java.net.UnknownHostException: influxdb

	at com.stackroute.monitoringserver.service.MetricsServiceTest.setUp(MetricsServiceTest.java:41)
Caused by: org.influxdb.InfluxDBIOException: java.net.UnknownHostException: influxdb
	at com.stackroute.monitoringserver.service.MetricsServiceTest.setUp(MetricsServiceTest.java:41)
Caused by: java.net.UnknownHostException: influxdb
	at com.stackroute.monitoringserver.service.MetricsServiceTest.setUp(MetricsServiceTest.java:41)
</error>
  </testcase>
  <testcase name="getAllMetricsTestFailure" classname="com.stackroute.monitoringserver.service.MetricsServiceTest" time="0.003">
    <error message="&#10;Cannot instantiate @InjectMocks field named &apos;metricsService&apos; of type &apos;class com.stackroute.monitoringserver.service.MetricsService&apos;.&#10;You haven&apos;t provided the instance at field declaration so I tried to construct the instance.&#10;However the constructor or the initialization block threw an exception : java.net.UnknownHostException: influxdb&#10;" type="org.mockito.exceptions.base.MockitoException">org.mockito.exceptions.base.MockitoException: 

Cannot instantiate @InjectMocks field named 'metricsService' of type 'class com.stackroute.monitoringserver.service.MetricsService'.
You haven't provided the instance at field declaration so I tried to construct the instance.
However the constructor or the initialization block threw an exception : java.net.UnknownHostException: influxdb

	at com.stackroute.monitoringserver.service.MetricsServiceTest.setUp(MetricsServiceTest.java:41)
Caused by: org.influxdb.InfluxDBIOException: java.net.UnknownHostException: influxdb
	at com.stackroute.monitoringserver.service.MetricsServiceTest.setUp(MetricsServiceTest.java:41)
Caused by: java.net.UnknownHostException: influxdb
	at com.stackroute.monitoringserver.service.MetricsServiceTest.setUp(MetricsServiceTest.java:41)
</error>
  </testcase>
  <testcase name="queryMetricsTestSuccess" classname="com.stackroute.monitoringserver.service.MetricsServiceTest" time="0.002">
    <error message="&#10;Cannot instantiate @InjectMocks field named &apos;metricsService&apos; of type &apos;class com.stackroute.monitoringserver.service.MetricsService&apos;.&#10;You haven&apos;t provided the instance at field declaration so I tried to construct the instance.&#10;However the constructor or the initialization block threw an exception : java.net.UnknownHostException: influxdb&#10;" type="org.mockito.exceptions.base.MockitoException">org.mockito.exceptions.base.MockitoException: 

Cannot instantiate @InjectMocks field named 'metricsService' of type 'class com.stackroute.monitoringserver.service.MetricsService'.
You haven't provided the instance at field declaration so I tried to construct the instance.
However the constructor or the initialization block threw an exception : java.net.UnknownHostException: influxdb

	at com.stackroute.monitoringserver.service.MetricsServiceTest.setUp(MetricsServiceTest.java:41)
Caused by: org.influxdb.InfluxDBIOException: java.net.UnknownHostException: influxdb
	at com.stackroute.monitoringserver.service.MetricsServiceTest.setUp(MetricsServiceTest.java:41)
Caused by: java.net.UnknownHostException: influxdb
	at com.stackroute.monitoringserver.service.MetricsServiceTest.setUp(MetricsServiceTest.java:41)
</error>
  </testcase>
  <testcase name="queryMetricsTestFailure" classname="com.stackroute.monitoringserver.service.MetricsServiceTest" time="0.002">
    <error message="&#10;Cannot instantiate @InjectMocks field named &apos;metricsService&apos; of type &apos;class com.stackroute.monitoringserver.service.MetricsService&apos;.&#10;You haven&apos;t provided the instance at field declaration so I tried to construct the instance.&#10;However the constructor or the initialization block threw an exception : java.net.UnknownHostException: influxdb&#10;" type="org.mockito.exceptions.base.MockitoException">org.mockito.exceptions.base.MockitoException: 

Cannot instantiate @InjectMocks field named 'metricsService' of type 'class com.stackroute.monitoringserver.service.MetricsService'.
You haven't provided the instance at field declaration so I tried to construct the instance.
However the constructor or the initialization block threw an exception : java.net.UnknownHostException: influxdb

	at com.stackroute.monitoringserver.service.MetricsServiceTest.setUp(MetricsServiceTest.java:41)
Caused by: org.influxdb.InfluxDBIOException: java.net.UnknownHostException: influxdb
	at com.stackroute.monitoringserver.service.MetricsServiceTest.setUp(MetricsServiceTest.java:41)
Caused by: java.net.UnknownHostException: influxdb
	at com.stackroute.monitoringserver.service.MetricsServiceTest.setUp(MetricsServiceTest.java:41)
</error>
  </testcase>
  <testcase name="insertMetricsTestSuccess" classname="com.stackroute.monitoringserver.service.MetricsServiceTest" time="0.002">
    <error message="&#10;Cannot instantiate @InjectMocks field named &apos;metricsService&apos; of type &apos;class com.stackroute.monitoringserver.service.MetricsService&apos;.&#10;You haven&apos;t provided the instance at field declaration so I tried to construct the instance.&#10;However the constructor or the initialization block threw an exception : java.net.UnknownHostException: influxdb&#10;" type="org.mockito.exceptions.base.MockitoException">org.mockito.exceptions.base.MockitoException: 

Cannot instantiate @InjectMocks field named 'metricsService' of type 'class com.stackroute.monitoringserver.service.MetricsService'.
You haven't provided the instance at field declaration so I tried to construct the instance.
However the constructor or the initialization block threw an exception : java.net.UnknownHostException: influxdb

	at com.stackroute.monitoringserver.service.MetricsServiceTest.setUp(MetricsServiceTest.java:41)
Caused by: org.influxdb.InfluxDBIOException: java.net.UnknownHostException: influxdb
	at com.stackroute.monitoringserver.service.MetricsServiceTest.setUp(MetricsServiceTest.java:41)
Caused by: java.net.UnknownHostException: influxdb
	at com.stackroute.monitoringserver.service.MetricsServiceTest.setUp(MetricsServiceTest.java:41)
</error>
  </testcase>
</testsuite>